<?xml version="1.0" encoding="UTF-8"?>
<testsuite xmlns:xsi="http://www.w3.org/2001/XMLSchema-instance" xsi:noNamespaceSchemaLocation="https://maven.apache.org/surefire/maven-surefire-plugin/xsd/surefire-test-report.xsd" version="3.0.1" name="TestSuite" time="25.658" tests="3" errors="0" skipped="0" failures="0">
  <properties>
    <property name="java.specification.version" value="21"/>
    <property name="sun.cpu.isalist" value="amd64"/>
    <property name="sun.jnu.encoding" value="Cp1252"/>
    <property name="java.class.path" value="C:\Users\vt3\eclipse-workspace\Hdfcbdd\target\test-classes;C:\Users\vt3\eclipse-workspace\Hdfcbdd\target\classes;C:\Users\vt3\.m2\repository\net\java\dev\jna\jna\5.13.0\jna-5.13.0.jar;C:\Users\vt3\.m2\repository\org\seleniumhq\selenium\selenium-java\4.34.0\selenium-java-4.34.0.jar;C:\Users\vt3\.m2\repository\org\seleniumhq\selenium\selenium-api\4.34.0\selenium-api-4.34.0.jar;C:\Users\vt3\.m2\repository\org\jspecify\jspecify\1.0.0\jspecify-1.0.0.jar;C:\Users\vt3\.m2\repository\org\seleniumhq\selenium\selenium-chrome-driver\4.34.0\selenium-chrome-driver-4.34.0.jar;C:\Users\vt3\.m2\repository\com\google\auto\service\auto-service-annotations\1.1.1\auto-service-annotations-1.1.1.jar;C:\Users\vt3\.m2\repository\org\seleniumhq\selenium\selenium-chromium-driver\4.34.0\selenium-chromium-driver-4.34.0.jar;C:\Users\vt3\.m2\repository\org\seleniumhq\selenium\selenium-json\4.34.0\selenium-json-4.34.0.jar;C:\Users\vt3\.m2\repository\org\seleniumhq\selenium\selenium-manager\4.34.0\selenium-manager-4.34.0.jar;C:\Users\vt3\.m2\repository\org\seleniumhq\selenium\selenium-devtools-v136\4.34.0\selenium-devtools-v136-4.34.0.jar;C:\Users\vt3\.m2\repository\org\seleniumhq\selenium\selenium-devtools-v137\4.34.0\selenium-devtools-v137-4.34.0.jar;C:\Users\vt3\.m2\repository\org\seleniumhq\selenium\selenium-devtools-v138\4.34.0\selenium-devtools-v138-4.34.0.jar;C:\Users\vt3\.m2\repository\org\seleniumhq\selenium\selenium-edge-driver\4.34.0\selenium-edge-driver-4.34.0.jar;C:\Users\vt3\.m2\repository\org\seleniumhq\selenium\selenium-firefox-driver\4.34.0\selenium-firefox-driver-4.34.0.jar;C:\Users\vt3\.m2\repository\org\seleniumhq\selenium\selenium-http\4.34.0\selenium-http-4.34.0.jar;C:\Users\vt3\.m2\repository\org\seleniumhq\selenium\selenium-ie-driver\4.34.0\selenium-ie-driver-4.34.0.jar;C:\Users\vt3\.m2\repository\org\seleniumhq\selenium\selenium-remote-driver\4.34.0\selenium-remote-driver-4.34.0.jar;C:\Users\vt3\.m2\repository\com\google\guava\guava\33.4.8-jre\guava-33.4.8-jre.jar;C:\Users\vt3\.m2\repository\com\google\guava\failureaccess\1.0.3\failureaccess-1.0.3.jar;C:\Users\vt3\.m2\repository\com\google\guava\listenablefuture\9999.0-empty-to-avoid-conflict-with-guava\listenablefuture-9999.0-empty-to-avoid-conflict-with-guava.jar;C:\Users\vt3\.m2\repository\com\google\errorprone\error_prone_annotations\2.36.0\error_prone_annotations-2.36.0.jar;C:\Users\vt3\.m2\repository\com\google\j2objc\j2objc-annotations\3.0.0\j2objc-annotations-3.0.0.jar;C:\Users\vt3\.m2\repository\io\opentelemetry\opentelemetry-api\1.51.0\opentelemetry-api-1.51.0.jar;C:\Users\vt3\.m2\repository\io\opentelemetry\opentelemetry-context\1.51.0\opentelemetry-context-1.51.0.jar;C:\Users\vt3\.m2\repository\io\opentelemetry\opentelemetry-exporter-logging\1.51.0\opentelemetry-exporter-logging-1.51.0.jar;C:\Users\vt3\.m2\repository\io\opentelemetry\opentelemetry-sdk-common\1.51.0\opentelemetry-sdk-common-1.51.0.jar;C:\Users\vt3\.m2\repository\io\opentelemetry\opentelemetry-sdk-extension-autoconfigure-spi\1.51.0\opentelemetry-sdk-extension-autoconfigure-spi-1.51.0.jar;C:\Users\vt3\.m2\repository\io\opentelemetry\opentelemetry-sdk-extension-autoconfigure\1.51.0\opentelemetry-sdk-extension-autoconfigure-1.51.0.jar;C:\Users\vt3\.m2\repository\io\opentelemetry\opentelemetry-sdk-trace\1.51.0\opentelemetry-sdk-trace-1.51.0.jar;C:\Users\vt3\.m2\repository\io\opentelemetry\opentelemetry-sdk\1.51.0\opentelemetry-sdk-1.51.0.jar;C:\Users\vt3\.m2\repository\io\opentelemetry\opentelemetry-sdk-metrics\1.51.0\opentelemetry-sdk-metrics-1.51.0.jar;C:\Users\vt3\.m2\repository\io\opentelemetry\opentelemetry-sdk-logs\1.51.0\opentelemetry-sdk-logs-1.51.0.jar;C:\Users\vt3\.m2\repository\net\bytebuddy\byte-buddy\1.17.6\byte-buddy-1.17.6.jar;C:\Users\vt3\.m2\repository\org\seleniumhq\selenium\selenium-os\4.34.0\selenium-os-4.34.0.jar;C:\Users\vt3\.m2\repository\org\apache\commons\commons-exec\1.5.0\commons-exec-1.5.0.jar;C:\Users\vt3\.m2\repository\org\seleniumhq\selenium\selenium-safari-driver\4.34.0\selenium-safari-driver-4.34.0.jar;C:\Users\vt3\.m2\repository\org\seleniumhq\selenium\selenium-support\4.34.0\selenium-support-4.34.0.jar;C:\Users\vt3\.m2\repository\com\fasterxml\jackson\core\jackson-databind\2.20.0\jackson-databind-2.20.0.jar;C:\Users\vt3\.m2\repository\com\fasterxml\jackson\core\jackson-annotations\2.20\jackson-annotations-2.20.jar;C:\Users\vt3\.m2\repository\com\fasterxml\jackson\core\jackson-core\2.20.0\jackson-core-2.20.0.jar;C:\Users\vt3\.m2\repository\io\cucumber\cucumber-jvm-deps\1.0.6\cucumber-jvm-deps-1.0.6.jar;C:\Users\vt3\.m2\repository\io\cucumber\gherkin\26.1.0\gherkin-26.1.0.jar;C:\Users\vt3\.m2\repository\io\cucumber\messages\21.0.1\messages-21.0.1.jar;C:\Users\vt3\.m2\repository\io\cucumber\cucumber-junit\7.12.1\cucumber-junit-7.12.1.jar;C:\Users\vt3\.m2\repository\org\apiguardian\apiguardian-api\1.1.2\apiguardian-api-1.1.2.jar;C:\Users\vt3\.m2\repository\io\cucumber\cucumber-core\7.12.1\cucumber-core-7.12.1.jar;C:\Users\vt3\.m2\repository\io\cucumber\cucumber-gherkin\7.12.1\cucumber-gherkin-7.12.1.jar;C:\Users\vt3\.m2\repository\io\cucumber\cucumber-gherkin-messages\7.12.1\cucumber-gherkin-messages-7.12.1.jar;C:\Users\vt3\.m2\repository\io\cucumber\tag-expressions\5.0.1\tag-expressions-5.0.1.jar;C:\Users\vt3\.m2\repository\io\cucumber\cucumber-expressions\16.1.2\cucumber-expressions-16.1.2.jar;C:\Users\vt3\.m2\repository\io\cucumber\datatable\7.12.1\datatable-7.12.1.jar;C:\Users\vt3\.m2\repository\io\cucumber\cucumber-plugin\7.12.1\cucumber-plugin-7.12.1.jar;C:\Users\vt3\.m2\repository\io\cucumber\docstring\7.12.1\docstring-7.12.1.jar;C:\Users\vt3\.m2\repository\io\cucumber\html-formatter\20.3.1\html-formatter-20.3.1.jar;C:\Users\vt3\.m2\repository\io\cucumber\junit-xml-formatter\0.2.0\junit-xml-formatter-0.2.0.jar;C:\Users\vt3\.m2\repository\io\cucumber\ci-environment\9.2.0\ci-environment-9.2.0.jar;C:\Users\vt3\.m2\repository\io\cucumber\cucumber-java\7.12.1\cucumber-java-7.12.1.jar;C:\Users\vt3\.m2\repository\io\cucumber\cucumber-testng\7.12.1\cucumber-testng-7.12.1.jar;C:\Users\vt3\.m2\repository\junit\junit\4.13.2\junit-4.13.2.jar;C:\Users\vt3\.m2\repository\org\hamcrest\hamcrest-core\1.3\hamcrest-core-1.3.jar;C:\Users\vt3\.m2\repository\net\masterthought\cucumber-reporting\3.20.0\cucumber-reporting-3.20.0.jar;C:\Users\vt3\.m2\repository\org\apache\velocity\velocity\1.7\velocity-1.7.jar;C:\Users\vt3\.m2\repository\commons-collections\commons-collections\3.2.1\commons-collections-3.2.1.jar;C:\Users\vt3\.m2\repository\commons-lang\commons-lang\2.4\commons-lang-2.4.jar;C:\Users\vt3\.m2\repository\velocity-tools\velocity-tools\1.4\velocity-tools-1.4.jar;C:\Users\vt3\.m2\repository\joda-time\joda-time\2.10\joda-time-2.10.jar;C:\Users\vt3\.m2\repository\org\apache\commons\commons-lang3\3.7\commons-lang3-3.7.jar;C:\Users\vt3\.m2\repository\net\lingala\zip4j\zip4j\1.3.2\zip4j-1.3.2.jar;C:\Users\vt3\.m2\repository\org\codehaus\plexus\plexus-utils\3.1.0\plexus-utils-3.1.0.jar;C:\Users\vt3\.m2\repository\org\jsoup\jsoup\1.11.3\jsoup-1.11.3.jar;C:\Users\vt3\.m2\repository\com\googlecode\owasp-java-html-sanitizer\owasp-java-html-sanitizer\20180219.1\owasp-java-html-sanitizer-20180219.1.jar;C:\Users\vt3\.m2\repository\commons-configuration\commons-configuration\1.10\commons-configuration-1.10.jar;C:\Users\vt3\.m2\repository\commons-logging\commons-logging\1.1.1\commons-logging-1.1.1.jar;C:\Users\vt3\.m2\repository\org\testng\testng\7.10.2\testng-7.10.2.jar;C:\Users\vt3\.m2\repository\org\slf4j\slf4j-api\1.7.36\slf4j-api-1.7.36.jar;C:\Users\vt3\.m2\repository\com\beust\jcommander\1.82\jcommander-1.82.jar;C:\Users\vt3\.m2\repository\org\webjars\jquery\3.7.1\jquery-3.7.1.jar;C:\Users\vt3\.m2\repository\commons-io\commons-io\2.20.0\commons-io-2.20.0.jar;C:\Users\vt3\.m2\repository\org\projectlombok\lombok\1.18.30\lombok-1.18.30.jar;C:\Users\vt3\.m2\repository\org\apache\poi\poi\5.2.5\poi-5.2.5.jar;C:\Users\vt3\.m2\repository\commons-codec\commons-codec\1.16.0\commons-codec-1.16.0.jar;C:\Users\vt3\.m2\repository\org\apache\commons\commons-collections4\4.4\commons-collections4-4.4.jar;C:\Users\vt3\.m2\repository\org\apache\commons\commons-math3\3.6.1\commons-math3-3.6.1.jar;C:\Users\vt3\.m2\repository\com\zaxxer\SparseBitSet\1.3\SparseBitSet-1.3.jar;C:\Users\vt3\.m2\repository\org\apache\logging\log4j\log4j-api\2.21.1\log4j-api-2.21.1.jar;C:\Users\vt3\.m2\repository\org\apache\poi\poi-ooxml\5.2.5\poi-ooxml-5.2.5.jar;C:\Users\vt3\.m2\repository\org\apache\poi\poi-ooxml-lite\5.2.5\poi-ooxml-lite-5.2.5.jar;C:\Users\vt3\.m2\repository\org\apache\xmlbeans\xmlbeans\5.2.0\xmlbeans-5.2.0.jar;C:\Users\vt3\.m2\repository\org\apache\commons\commons-compress\1.25.0\commons-compress-1.25.0.jar;C:\Users\vt3\.m2\repository\com\github\virtuald\curvesapi\1.08\curvesapi-1.08.jar;C:\Users\vt3\.m2\repository\org\seleniumhq\selenium\htmlunit-driver\4.13.0\htmlunit-driver-4.13.0.jar;C:\Users\vt3\.m2\repository\net\sourceforge\htmlunit\htmlunit\2.70.0\htmlunit-2.70.0.jar;C:\Users\vt3\.m2\repository\org\apache\httpcomponents\httpmime\4.5.14\httpmime-4.5.14.jar;C:\Users\vt3\.m2\repository\org\apache\httpcomponents\httpclient\4.5.14\httpclient-4.5.14.jar;C:\Users\vt3\.m2\repository\org\apache\httpcomponents\httpcore\4.4.16\httpcore-4.4.16.jar;C:\Users\vt3\.m2\repository\net\sourceforge\htmlunit\htmlunit-core-js\2.70.0\htmlunit-core-js-2.70.0.jar;C:\Users\vt3\.m2\repository\net\sourceforge\htmlunit\neko-htmlunit\2.70.0\neko-htmlunit-2.70.0.jar;C:\Users\vt3\.m2\repository\net\sourceforge\htmlunit\htmlunit-cssparser\1.14.0\htmlunit-cssparser-1.14.0.jar;C:\Users\vt3\.m2\repository\net\sourceforge\htmlunit\htmlunit-xpath\2.70.0\htmlunit-xpath-2.70.0.jar;C:\Users\vt3\.m2\repository\org\apache\commons\commons-text\1.10.0\commons-text-1.10.0.jar;C:\Users\vt3\.m2\repository\commons-net\commons-net\3.9.0\commons-net-3.9.0.jar;C:\Users\vt3\.m2\repository\org\brotli\dec\0.1.2\dec-0.1.2.jar;C:\Users\vt3\.m2\repository\com\shapesecurity\salvation2\3.0.1\salvation2-3.0.1.jar;C:\Users\vt3\.m2\repository\org\eclipse\jetty\websocket\websocket-client\9.4.50.v20221201\websocket-client-9.4.50.v20221201.jar;C:\Users\vt3\.m2\repository\org\eclipse\jetty\jetty-client\9.4.50.v20221201\jetty-client-9.4.50.v20221201.jar;C:\Users\vt3\.m2\repository\org\eclipse\jetty\jetty-http\9.4.50.v20221201\jetty-http-9.4.50.v20221201.jar;C:\Users\vt3\.m2\repository\org\eclipse\jetty\jetty-util\9.4.50.v20221201\jetty-util-9.4.50.v20221201.jar;C:\Users\vt3\.m2\repository\org\eclipse\jetty\jetty-io\9.4.50.v20221201\jetty-io-9.4.50.v20221201.jar;C:\Users\vt3\.m2\repository\org\eclipse\jetty\websocket\websocket-common\9.4.50.v20221201\websocket-common-9.4.50.v20221201.jar;C:\Users\vt3\.m2\repository\org\eclipse\jetty\websocket\websocket-api\9.4.50.v20221201\websocket-api-9.4.50.v20221201.jar;C:\Users\vt3\.m2\repository\com\aventstack\extentreports\5.0.9\extentreports-5.0.9.jar;C:\Users\vt3\.m2\repository\io\reactivex\rxjava3\rxjava\3.0.4\rxjava-3.0.4.jar;C:\Users\vt3\.m2\repository\org\reactivestreams\reactive-streams\1.0.3\reactive-streams-1.0.3.jar;C:\Users\vt3\.m2\repository\org\freemarker\freemarker\2.3.30\freemarker-2.3.30.jar;C:\Users\vt3\.m2\repository\com\google\code\gson\gson\2.8.6\gson-2.8.6.jar;C:\Users\vt3\.m2\repository\org\apache\logging\log4j\log4j-core\2.20.0\log4j-core-2.20.0.jar;"/>
    <property name="java.vm.vendor" value="Eclipse Adoptium"/>
    <property name="sun.arch.data.model" value="64"/>
    <property name="user.variant" value=""/>
    <property name="java.vendor.url" value="https://adoptium.net/"/>
    <property name="user.timezone" value="Asia/Calcutta"/>
    <property name="os.name" value="Windows 11"/>
    <property name="java.vm.specification.version" value="21"/>
    <property name="sun.java.launcher" value="SUN_STANDARD"/>
    <property name="user.country" value="IN"/>
    <property name="sun.boot.library.path" value="C:\Users\vt3\Downloads\eclipse-jee-2024-12-R-win32-x86_64 (1)\eclipse\plugins\org.eclipse.justj.openjdk.hotspot.jre.full.win32.x86_64_21.0.5.v20241023-1957\jre\bin"/>
    <property name="sun.java.command" value="C:\Users\vt3\AppData\Local\Temp\surefire9339670991476007594\surefirebooter-20251029170557548_3.jar C:\Users\vt3\AppData\Local\Temp\surefire9339670991476007594 2025-10-29T17-05-55_734-jvmRun1 surefire-20251029170557548_1tmp surefire_0-20251029170557548_2tmp"/>
    <property name="jdk.debug" value="release"/>
    <property name="surefire.test.class.path" value="C:\Users\vt3\eclipse-workspace\Hdfcbdd\target\test-classes;C:\Users\vt3\eclipse-workspace\Hdfcbdd\target\classes;C:\Users\vt3\.m2\repository\net\java\dev\jna\jna\5.13.0\jna-5.13.0.jar;C:\Users\vt3\.m2\repository\org\seleniumhq\selenium\selenium-java\4.34.0\selenium-java-4.34.0.jar;C:\Users\vt3\.m2\repository\org\seleniumhq\selenium\selenium-api\4.34.0\selenium-api-4.34.0.jar;C:\Users\vt3\.m2\repository\org\jspecify\jspecify\1.0.0\jspecify-1.0.0.jar;C:\Users\vt3\.m2\repository\org\seleniumhq\selenium\selenium-chrome-driver\4.34.0\selenium-chrome-driver-4.34.0.jar;C:\Users\vt3\.m2\repository\com\google\auto\service\auto-service-annotations\1.1.1\auto-service-annotations-1.1.1.jar;C:\Users\vt3\.m2\repository\org\seleniumhq\selenium\selenium-chromium-driver\4.34.0\selenium-chromium-driver-4.34.0.jar;C:\Users\vt3\.m2\repository\org\seleniumhq\selenium\selenium-json\4.34.0\selenium-json-4.34.0.jar;C:\Users\vt3\.m2\repository\org\seleniumhq\selenium\selenium-manager\4.34.0\selenium-manager-4.34.0.jar;C:\Users\vt3\.m2\repository\org\seleniumhq\selenium\selenium-devtools-v136\4.34.0\selenium-devtools-v136-4.34.0.jar;C:\Users\vt3\.m2\repository\org\seleniumhq\selenium\selenium-devtools-v137\4.34.0\selenium-devtools-v137-4.34.0.jar;C:\Users\vt3\.m2\repository\org\seleniumhq\selenium\selenium-devtools-v138\4.34.0\selenium-devtools-v138-4.34.0.jar;C:\Users\vt3\.m2\repository\org\seleniumhq\selenium\selenium-edge-driver\4.34.0\selenium-edge-driver-4.34.0.jar;C:\Users\vt3\.m2\repository\org\seleniumhq\selenium\selenium-firefox-driver\4.34.0\selenium-firefox-driver-4.34.0.jar;C:\Users\vt3\.m2\repository\org\seleniumhq\selenium\selenium-http\4.34.0\selenium-http-4.34.0.jar;C:\Users\vt3\.m2\repository\org\seleniumhq\selenium\selenium-ie-driver\4.34.0\selenium-ie-driver-4.34.0.jar;C:\Users\vt3\.m2\repository\org\seleniumhq\selenium\selenium-remote-driver\4.34.0\selenium-remote-driver-4.34.0.jar;C:\Users\vt3\.m2\repository\com\google\guava\guava\33.4.8-jre\guava-33.4.8-jre.jar;C:\Users\vt3\.m2\repository\com\google\guava\failureaccess\1.0.3\failureaccess-1.0.3.jar;C:\Users\vt3\.m2\repository\com\google\guava\listenablefuture\9999.0-empty-to-avoid-conflict-with-guava\listenablefuture-9999.0-empty-to-avoid-conflict-with-guava.jar;C:\Users\vt3\.m2\repository\com\google\errorprone\error_prone_annotations\2.36.0\error_prone_annotations-2.36.0.jar;C:\Users\vt3\.m2\repository\com\google\j2objc\j2objc-annotations\3.0.0\j2objc-annotations-3.0.0.jar;C:\Users\vt3\.m2\repository\io\opentelemetry\opentelemetry-api\1.51.0\opentelemetry-api-1.51.0.jar;C:\Users\vt3\.m2\repository\io\opentelemetry\opentelemetry-context\1.51.0\opentelemetry-context-1.51.0.jar;C:\Users\vt3\.m2\repository\io\opentelemetry\opentelemetry-exporter-logging\1.51.0\opentelemetry-exporter-logging-1.51.0.jar;C:\Users\vt3\.m2\repository\io\opentelemetry\opentelemetry-sdk-common\1.51.0\opentelemetry-sdk-common-1.51.0.jar;C:\Users\vt3\.m2\repository\io\opentelemetry\opentelemetry-sdk-extension-autoconfigure-spi\1.51.0\opentelemetry-sdk-extension-autoconfigure-spi-1.51.0.jar;C:\Users\vt3\.m2\repository\io\opentelemetry\opentelemetry-sdk-extension-autoconfigure\1.51.0\opentelemetry-sdk-extension-autoconfigure-1.51.0.jar;C:\Users\vt3\.m2\repository\io\opentelemetry\opentelemetry-sdk-trace\1.51.0\opentelemetry-sdk-trace-1.51.0.jar;C:\Users\vt3\.m2\repository\io\opentelemetry\opentelemetry-sdk\1.51.0\opentelemetry-sdk-1.51.0.jar;C:\Users\vt3\.m2\repository\io\opentelemetry\opentelemetry-sdk-metrics\1.51.0\opentelemetry-sdk-metrics-1.51.0.jar;C:\Users\vt3\.m2\repository\io\opentelemetry\opentelemetry-sdk-logs\1.51.0\opentelemetry-sdk-logs-1.51.0.jar;C:\Users\vt3\.m2\repository\net\bytebuddy\byte-buddy\1.17.6\byte-buddy-1.17.6.jar;C:\Users\vt3\.m2\repository\org\seleniumhq\selenium\selenium-os\4.34.0\selenium-os-4.34.0.jar;C:\Users\vt3\.m2\repository\org\apache\commons\commons-exec\1.5.0\commons-exec-1.5.0.jar;C:\Users\vt3\.m2\repository\org\seleniumhq\selenium\selenium-safari-driver\4.34.0\selenium-safari-driver-4.34.0.jar;C:\Users\vt3\.m2\repository\org\seleniumhq\selenium\selenium-support\4.34.0\selenium-support-4.34.0.jar;C:\Users\vt3\.m2\repository\com\fasterxml\jackson\core\jackson-databind\2.20.0\jackson-databind-2.20.0.jar;C:\Users\vt3\.m2\repository\com\fasterxml\jackson\core\jackson-annotations\2.20\jackson-annotations-2.20.jar;C:\Users\vt3\.m2\repository\com\fasterxml\jackson\core\jackson-core\2.20.0\jackson-core-2.20.0.jar;C:\Users\vt3\.m2\repository\io\cucumber\cucumber-jvm-deps\1.0.6\cucumber-jvm-deps-1.0.6.jar;C:\Users\vt3\.m2\repository\io\cucumber\gherkin\26.1.0\gherkin-26.1.0.jar;C:\Users\vt3\.m2\repository\io\cucumber\messages\21.0.1\messages-21.0.1.jar;C:\Users\vt3\.m2\repository\io\cucumber\cucumber-junit\7.12.1\cucumber-junit-7.12.1.jar;C:\Users\vt3\.m2\repository\org\apiguardian\apiguardian-api\1.1.2\apiguardian-api-1.1.2.jar;C:\Users\vt3\.m2\repository\io\cucumber\cucumber-core\7.12.1\cucumber-core-7.12.1.jar;C:\Users\vt3\.m2\repository\io\cucumber\cucumber-gherkin\7.12.1\cucumber-gherkin-7.12.1.jar;C:\Users\vt3\.m2\repository\io\cucumber\cucumber-gherkin-messages\7.12.1\cucumber-gherkin-messages-7.12.1.jar;C:\Users\vt3\.m2\repository\io\cucumber\tag-expressions\5.0.1\tag-expressions-5.0.1.jar;C:\Users\vt3\.m2\repository\io\cucumber\cucumber-expressions\16.1.2\cucumber-expressions-16.1.2.jar;C:\Users\vt3\.m2\repository\io\cucumber\datatable\7.12.1\datatable-7.12.1.jar;C:\Users\vt3\.m2\repository\io\cucumber\cucumber-plugin\7.12.1\cucumber-plugin-7.12.1.jar;C:\Users\vt3\.m2\repository\io\cucumber\docstring\7.12.1\docstring-7.12.1.jar;C:\Users\vt3\.m2\repository\io\cucumber\html-formatter\20.3.1\html-formatter-20.3.1.jar;C:\Users\vt3\.m2\repository\io\cucumber\junit-xml-formatter\0.2.0\junit-xml-formatter-0.2.0.jar;C:\Users\vt3\.m2\repository\io\cucumber\ci-environment\9.2.0\ci-environment-9.2.0.jar;C:\Users\vt3\.m2\repository\io\cucumber\cucumber-java\7.12.1\cucumber-java-7.12.1.jar;C:\Users\vt3\.m2\repository\io\cucumber\cucumber-testng\7.12.1\cucumber-testng-7.12.1.jar;C:\Users\vt3\.m2\repository\junit\junit\4.13.2\junit-4.13.2.jar;C:\Users\vt3\.m2\repository\org\hamcrest\hamcrest-core\1.3\hamcrest-core-1.3.jar;C:\Users\vt3\.m2\repository\net\masterthought\cucumber-reporting\3.20.0\cucumber-reporting-3.20.0.jar;C:\Users\vt3\.m2\repository\org\apache\velocity\velocity\1.7\velocity-1.7.jar;C:\Users\vt3\.m2\repository\commons-collections\commons-collections\3.2.1\commons-collections-3.2.1.jar;C:\Users\vt3\.m2\repository\commons-lang\commons-lang\2.4\commons-lang-2.4.jar;C:\Users\vt3\.m2\repository\velocity-tools\velocity-tools\1.4\velocity-tools-1.4.jar;C:\Users\vt3\.m2\repository\joda-time\joda-time\2.10\joda-time-2.10.jar;C:\Users\vt3\.m2\repository\org\apache\commons\commons-lang3\3.7\commons-lang3-3.7.jar;C:\Users\vt3\.m2\repository\net\lingala\zip4j\zip4j\1.3.2\zip4j-1.3.2.jar;C:\Users\vt3\.m2\repository\org\codehaus\plexus\plexus-utils\3.1.0\plexus-utils-3.1.0.jar;C:\Users\vt3\.m2\repository\org\jsoup\jsoup\1.11.3\jsoup-1.11.3.jar;C:\Users\vt3\.m2\repository\com\googlecode\owasp-java-html-sanitizer\owasp-java-html-sanitizer\20180219.1\owasp-java-html-sanitizer-20180219.1.jar;C:\Users\vt3\.m2\repository\commons-configuration\commons-configuration\1.10\commons-configuration-1.10.jar;C:\Users\vt3\.m2\repository\commons-logging\commons-logging\1.1.1\commons-logging-1.1.1.jar;C:\Users\vt3\.m2\repository\org\testng\testng\7.10.2\testng-7.10.2.jar;C:\Users\vt3\.m2\repository\org\slf4j\slf4j-api\1.7.36\slf4j-api-1.7.36.jar;C:\Users\vt3\.m2\repository\com\beust\jcommander\1.82\jcommander-1.82.jar;C:\Users\vt3\.m2\repository\org\webjars\jquery\3.7.1\jquery-3.7.1.jar;C:\Users\vt3\.m2\repository\commons-io\commons-io\2.20.0\commons-io-2.20.0.jar;C:\Users\vt3\.m2\repository\org\projectlombok\lombok\1.18.30\lombok-1.18.30.jar;C:\Users\vt3\.m2\repository\org\apache\poi\poi\5.2.5\poi-5.2.5.jar;C:\Users\vt3\.m2\repository\commons-codec\commons-codec\1.16.0\commons-codec-1.16.0.jar;C:\Users\vt3\.m2\repository\org\apache\commons\commons-collections4\4.4\commons-collections4-4.4.jar;C:\Users\vt3\.m2\repository\org\apache\commons\commons-math3\3.6.1\commons-math3-3.6.1.jar;C:\Users\vt3\.m2\repository\com\zaxxer\SparseBitSet\1.3\SparseBitSet-1.3.jar;C:\Users\vt3\.m2\repository\org\apache\logging\log4j\log4j-api\2.21.1\log4j-api-2.21.1.jar;C:\Users\vt3\.m2\repository\org\apache\poi\poi-ooxml\5.2.5\poi-ooxml-5.2.5.jar;C:\Users\vt3\.m2\repository\org\apache\poi\poi-ooxml-lite\5.2.5\poi-ooxml-lite-5.2.5.jar;C:\Users\vt3\.m2\repository\org\apache\xmlbeans\xmlbeans\5.2.0\xmlbeans-5.2.0.jar;C:\Users\vt3\.m2\repository\org\apache\commons\commons-compress\1.25.0\commons-compress-1.25.0.jar;C:\Users\vt3\.m2\repository\com\github\virtuald\curvesapi\1.08\curvesapi-1.08.jar;C:\Users\vt3\.m2\repository\org\seleniumhq\selenium\htmlunit-driver\4.13.0\htmlunit-driver-4.13.0.jar;C:\Users\vt3\.m2\repository\net\sourceforge\htmlunit\htmlunit\2.70.0\htmlunit-2.70.0.jar;C:\Users\vt3\.m2\repository\org\apache\httpcomponents\httpmime\4.5.14\httpmime-4.5.14.jar;C:\Users\vt3\.m2\repository\org\apache\httpcomponents\httpclient\4.5.14\httpclient-4.5.14.jar;C:\Users\vt3\.m2\repository\org\apache\httpcomponents\httpcore\4.4.16\httpcore-4.4.16.jar;C:\Users\vt3\.m2\repository\net\sourceforge\htmlunit\htmlunit-core-js\2.70.0\htmlunit-core-js-2.70.0.jar;C:\Users\vt3\.m2\repository\net\sourceforge\htmlunit\neko-htmlunit\2.70.0\neko-htmlunit-2.70.0.jar;C:\Users\vt3\.m2\repository\net\sourceforge\htmlunit\htmlunit-cssparser\1.14.0\htmlunit-cssparser-1.14.0.jar;C:\Users\vt3\.m2\repository\net\sourceforge\htmlunit\htmlunit-xpath\2.70.0\htmlunit-xpath-2.70.0.jar;C:\Users\vt3\.m2\repository\org\apache\commons\commons-text\1.10.0\commons-text-1.10.0.jar;C:\Users\vt3\.m2\repository\commons-net\commons-net\3.9.0\commons-net-3.9.0.jar;C:\Users\vt3\.m2\repository\org\brotli\dec\0.1.2\dec-0.1.2.jar;C:\Users\vt3\.m2\repository\com\shapesecurity\salvation2\3.0.1\salvation2-3.0.1.jar;C:\Users\vt3\.m2\repository\org\eclipse\jetty\websocket\websocket-client\9.4.50.v20221201\websocket-client-9.4.50.v20221201.jar;C:\Users\vt3\.m2\repository\org\eclipse\jetty\jetty-client\9.4.50.v20221201\jetty-client-9.4.50.v20221201.jar;C:\Users\vt3\.m2\repository\org\eclipse\jetty\jetty-http\9.4.50.v20221201\jetty-http-9.4.50.v20221201.jar;C:\Users\vt3\.m2\repository\org\eclipse\jetty\jetty-util\9.4.50.v20221201\jetty-util-9.4.50.v20221201.jar;C:\Users\vt3\.m2\repository\org\eclipse\jetty\jetty-io\9.4.50.v20221201\jetty-io-9.4.50.v20221201.jar;C:\Users\vt3\.m2\repository\org\eclipse\jetty\websocket\websocket-common\9.4.50.v20221201\websocket-common-9.4.50.v20221201.jar;C:\Users\vt3\.m2\repository\org\eclipse\jetty\websocket\websocket-api\9.4.50.v20221201\websocket-api-9.4.50.v20221201.jar;C:\Users\vt3\.m2\repository\com\aventstack\extentreports\5.0.9\extentreports-5.0.9.jar;C:\Users\vt3\.m2\repository\io\reactivex\rxjava3\rxjava\3.0.4\rxjava-3.0.4.jar;C:\Users\vt3\.m2\repository\org\reactivestreams\reactive-streams\1.0.3\reactive-streams-1.0.3.jar;C:\Users\vt3\.m2\repository\org\freemarker\freemarker\2.3.30\freemarker-2.3.30.jar;C:\Users\vt3\.m2\repository\com\google\code\gson\gson\2.8.6\gson-2.8.6.jar;C:\Users\vt3\.m2\repository\org\apache\logging\log4j\log4j-core\2.20.0\log4j-core-2.20.0.jar;"/>
    <property name="sun.cpu.endian" value="little"/>
    <property name="user.home" value="C:\Users\vt3"/>
    <property name="user.language" value="en"/>
    <property name="java.specification.vendor" value="Oracle Corporation"/>
    <property name="java.version.date" value="2024-10-15"/>
    <property name="java.home" value="C:\Users\vt3\Downloads\eclipse-jee-2024-12-R-win32-x86_64 (1)\eclipse\plugins\org.eclipse.justj.openjdk.hotspot.jre.full.win32.x86_64_21.0.5.v20241023-1957\jre"/>
    <property name="file.separator" value="\"/>
    <property name="basedir" value="C:\Users\vt3\eclipse-workspace\Hdfcbdd"/>
    <property name="style.color" value="always"/>
    <property name="java.vm.compressedOopsMode" value="Zero based"/>
    <property name="line.separator" value="&#10;"/>
    <property name="java.vm.specification.vendor" value="Oracle Corporation"/>
    <property name="java.specification.name" value="Java Platform API Specification"/>
    <property name="surefire.real.class.path" value="C:\Users\vt3\AppData\Local\Temp\surefire9339670991476007594\surefirebooter-20251029170557548_3.jar"/>
    <property name="user.script" value=""/>
    <property name="sun.management.compiler" value="HotSpot 64-Bit Tiered Compilers"/>
    <property name="java.runtime.version" value="21.0.5+11-LTS"/>
    <property name="user.name" value="vt3"/>
    <property name="stdout.encoding" value="Cp1252"/>
    <property name="path.separator" value=";"/>
    <property name="os.version" value="10.0"/>
    <property name="java.runtime.name" value="OpenJDK Runtime Environment"/>
    <property name="file.encoding" value="UTF-8"/>
    <property name="java.vm.name" value="OpenJDK 64-Bit Server VM"/>
    <property name="java.vendor.version" value="Temurin-21.0.5+11"/>
    <property name="localRepository" value="C:\Users\vt3\.m2\repository"/>
    <property name="java.vendor.url.bug" value="https://github.com/adoptium/adoptium-support/issues"/>
    <property name="java.io.tmpdir" value="C:\Users\vt3\AppData\Local\Temp\"/>
    <property name="java.version" value="21.0.5"/>
    <property name="user.dir" value="C:\Users\vt3\eclipse-workspace\Hdfcbdd"/>
    <property name="os.arch" value="amd64"/>
    <property name="java.vm.specification.name" value="Java Virtual Machine Specification"/>
    <property name="sun.os.patch.level" value=""/>
    <property name="native.encoding" value="Cp1252"/>
    <property name="java.library.path" value="C:\Users\vt3\Downloads\eclipse-jee-2024-12-R-win32-x86_64 (1)\eclipse\plugins\org.eclipse.justj.openjdk.hotspot.jre.full.win32.x86_64_21.0.5.v20241023-1957\jre\bin;C:\windows\Sun\Java\bin;C:\windows\system32;C:\windows;C:/Users/vt3/Downloads/eclipse-jee-2024-12-R-win32-x86_64 (1)/eclipse//plugins/org.eclipse.justj.openjdk.hotspot.jre.full.win32.x86_64_21.0.8.v20250724-1412/jre/bin/server;C:/Users/vt3/Downloads/eclipse-jee-2024-12-R-win32-x86_64 (1)/eclipse//plugins/org.eclipse.justj.openjdk.hotspot.jre.full.win32.x86_64_21.0.8.v20250724-1412/jre/bin;C:\Program Files\Eclipse Adoptium\jdk-21.0.4.7-hotspot\bin;C:\windows\system32;C:\windows;C:\windows\System32\Wbem;C:\windows\System32\WindowsPowerShell\v1.0\;C:\windows\System32\OpenSSH\;C:\Program Files\ServiceNow\agent-client-collector\bin;C:\Program Files\ServiceNow\agent-client-collector\embedded\bin;C:\Program Files\Git\cmd;C:\Program Files\nodejs\;C:\Program Files\Microsoft VS Code\bin;C:\Users\vt3\AppData\Local\Microsoft\WindowsApps;C:\windows\system32;;."/>
    <property name="java.vm.info" value="mixed mode, sharing"/>
    <property name="stderr.encoding" value="Cp1252"/>
    <property name="java.vendor" value="Eclipse Adoptium"/>
    <property name="java.vm.version" value="21.0.5+11-LTS"/>
    <property name="sun.io.unicode.encoding" value="UnicodeLittle"/>
    <property name="java.class.version" value="65.0"/>
  </properties>
  <testcase name="runScenario[&quot;Logintable using correct username and correct password&quot;, &quot;logintable&quot;](1)" classname="Com.Gmail.Runner.TestRunner2" time="8.787">
    <system-out><![CDATA[
@TC1
Scenario Outline: Logintable using correct username and correct password &amp#27;[90m# src/test/java/Com/Gmail/Users/Features/logintable.feature:24&amp#27;[0m
  &amp#27;[32mGiven &amp#27;[0m&amp#27;[32mtable login page&amp#27;[0m                                                 &amp#27;[90m# Com.Gmail.Users.StepDef.loginTable.login_page()&amp#27;[0m
  &amp#27;[32mAnd &amp#27;[0m&amp#27;[32menter &amp#27;[0m&amp#27;[32m&amp#27;[1m"mercury"&amp#27;[0m&amp#27;[32m and &amp#27;[0m&amp#27;[32m&amp#27;[1m"mercury"&amp#27;[0m                                      &amp#27;[90m# Com.Gmail.Users.StepDef.loginTable.enter(java.lang.String,java.lang.String)&amp#27;[0m
  &amp#27;[32mAnd &amp#27;[0m&amp#27;[32mtable click sigin&amp#27;[0m                                                  &amp#27;[90m# Com.Gmail.Users.StepDef.loginTable.click_sigin()&amp#27;[0m
  &amp#27;[32mThen &amp#27;[0m&amp#27;[32mtable check correct navigation &amp#27;[0m&amp#27;[32m&amp#27;[1m"Login Successfully"&amp#27;[0m               &amp#27;[90m# Com.Gmail.Users.StepDef.loginTable.check_correct_navigation(java.lang.String)&amp#27;[0m
]]></system-out>
    <system-err><![CDATA[SLF4J: Failed to load class "org.slf4j.impl.StaticLoggerBinder".
SLF4J: Defaulting to no-operation (NOP) logger implementation
SLF4J: See http://www.slf4j.org/codes.html#StaticLoggerBinder for further details.
Oct 29, 2025 5:06:04 PM org.openqa.selenium.devtools.CdpVersionFinder findNearestMatch
WARNING: Unable to find an exact match for CDP version 141, returning the closest version; found: 138; Please update to a Selenium version that supports CDP version 141
]]></system-err>
  </testcase>
  <testcase name="runScenario[&quot;Logintable using correct username and correct password&quot;, &quot;logintable&quot;](2)" classname="Com.Gmail.Runner.TestRunner2" time="6.773">
    <system-out><![CDATA[
@TC1
Scenario Outline: Logintable using correct username and correct password &amp#27;[90m# src/test/java/Com/Gmail/Users/Features/logintable.feature:25&amp#27;[0m
  &amp#27;[32mGiven &amp#27;[0m&amp#27;[32mtable login page&amp#27;[0m                                                 &amp#27;[90m# Com.Gmail.Users.StepDef.loginTable.login_page()&amp#27;[0m
  &amp#27;[32mAnd &amp#27;[0m&amp#27;[32menter &amp#27;[0m&amp#27;[32m&amp#27;[1m"mercury"&amp#27;[0m&amp#27;[32m and &amp#27;[0m&amp#27;[32m&amp#27;[1m"123"&amp#27;[0m                                          &amp#27;[90m# Com.Gmail.Users.StepDef.loginTable.enter(java.lang.String,java.lang.String)&amp#27;[0m
  &amp#27;[32mAnd &amp#27;[0m&amp#27;[32mtable click sigin&amp#27;[0m                                                  &amp#27;[90m# Com.Gmail.Users.StepDef.loginTable.click_sigin()&amp#27;[0m
  &amp#27;[32mThen &amp#27;[0m&amp#27;[32mtable check correct navigation &amp#27;[0m&amp#27;[32m&amp#27;[1m"Login Successfully"&amp#27;[0m               &amp#27;[90m# Com.Gmail.Users.StepDef.loginTable.check_correct_navigation(java.lang.String)&amp#27;[0m
]]></system-out>
    <system-err><![CDATA[Oct 29, 2025 5:06:12 PM org.openqa.selenium.devtools.CdpVersionFinder findNearestMatch
WARNING: Unable to find an exact match for CDP version 141, returning the closest version; found: 138; Please update to a Selenium version that supports CDP version 141
]]></system-err>
  </testcase>
  <testcase name="runScenario[&quot;Logintable using correct username and correct password&quot;, &quot;logintable&quot;](3)" classname="Com.Gmail.Runner.TestRunner2" time="7.145">
    <system-out><![CDATA[
@TC1
Scenario Outline: Logintable using correct username and correct password         &amp#27;[90m# src/test/java/Com/Gmail/Users/Features/logintable.feature:26&amp#27;[0m
  &amp#27;[32mGiven &amp#27;[0m&amp#27;[32mtable login page&amp#27;[0m                                                         &amp#27;[90m# Com.Gmail.Users.StepDef.loginTable.login_page()&amp#27;[0m
  &amp#27;[32mAnd &amp#27;[0m&amp#27;[32menter &amp#27;[0m&amp#27;[32m&amp#27;[1m"mercury"&amp#27;[0m&amp#27;[32m and &amp#27;[0m&amp#27;[32m&amp#27;[1m"hi"&amp#27;[0m                                                   &amp#27;[90m# Com.Gmail.Users.StepDef.loginTable.enter(java.lang.String,java.lang.String)&amp#27;[0m
  &amp#27;[32mAnd &amp#27;[0m&amp#27;[32mtable click sigin&amp#27;[0m                                                          &amp#27;[90m# Com.Gmail.Users.StepDef.loginTable.click_sigin()&amp#27;[0m
  &amp#27;[32mThen &amp#27;[0m&amp#27;[32mtable check correct navigation &amp#27;[0m&amp#27;[32m&amp#27;[1m"Enter your userName and password correct"&amp#27;[0m &amp#27;[90m# Com.Gmail.Users.StepDef.loginTable.check_correct_navigation(java.lang.String)&amp#27;[0m
]]></system-out>
    <system-err><![CDATA[Oct 29, 2025 5:06:19 PM org.openqa.selenium.devtools.CdpVersionFinder findNearestMatch
WARNING: Unable to find an exact match for CDP version 141, returning the closest version; found: 138; Please update to a Selenium version that supports CDP version 141
]]></system-err>
  </testcase>
</testsuite>