<?xml version="1.0" encoding="UTF-8"?>
<!-- Generated by org.testng.reporters.JUnitReportReporter -->
<testsuite hostname="LIN-5CD5329NXX" failures="0" tests="1" name="oct15.login" time="9.877" errors="0" timestamp="2025-10-15T16:42:08 IST" skipped="0">
  <testcase classname="oct15.login" name="logintc" time="9.877"/>
</testsuite> <!-- oct15.login -->
