<?xml version="1.0" encoding="UTF-8"?>
<!-- Generated by org.testng.reporters.JUnitReportReporter -->
<testsuite hostname="LIN-5CD5329NXX" failures="0" tests="1" name="oct15.NewTest" time="0.017" errors="0" timestamp="2025-10-15T15:31:28 IST" skipped="0">
  <testcase classname="oct15.NewTest" name="f" time="0.017"/>
</testsuite> <!-- oct15.NewTest -->
