<?xml version="1.0" encoding="UTF-8"?>
<!-- Generated by org.testng.reporters.JUnitReportReporter -->
<testsuite hostname="LIN-5CD5329NXX" failures="0" tests="8" name="TestCase.productSearchtest" time="57.201" errors="0" timestamp="2025-10-21T16:16:48 IST" skipped="0">
  <testcase classname="TestCase.productSearchtest" name="verifySearch" time="7.240"/>
  <testcase classname="TestCase.productSearchtest" name="verifyapparel" time="7.235"/>
  <testcase classname="TestCase.productSearchtest" name="verifyelectronics" time="6.912"/>
  <testcase classname="TestCase.productSearchtest" name="verifyjewelry" time="6.879"/>
  <testcase classname="TestCase.productSearchtest" name="verifybooks" time="7.340"/>
  <testcase classname="TestCase.productSearchtest" name="verifydigital" time="7.448"/>
  <testcase classname="TestCase.productSearchtest" name="verifygift" time="7.181"/>
  <testcase classname="TestCase.productSearchtest" name="verifycomputers" time="6.966"/>
</testsuite> <!-- TestCase.productSearchtest -->
