<?xml version="1.0" encoding="UTF-8"?>
<!-- Generated by org.testng.reporters.JUnitReportReporter -->
<testsuite hostname="LIN-5CD5329NXX" failures="0" tests="1" name="oct17.Annotation_demo" time="0.010" errors="0" timestamp="2025-10-17T10:13:01 IST" skipped="0">
  <testcase classname="oct17.Annotation_demo" name="tc1" time="0.010"/>
</testsuite> <!-- oct17.Annotation_demo -->
