<?xml version="1.0" encoding="UTF-8"?>
<!-- Generated by org.testng.reporters.JUnitReportReporter -->
<testsuite hostname="LIN-5CD5329NXX" failures="0" tests="3" name="oct17.DEMO" time="0.021" errors="0" timestamp="2025-10-17T16:49:56 IST" skipped="0">
  <testcase classname="oct17.DEMO" name="f3" time="0.002"/>
  <testcase classname="oct17.DEMO" name="f3" time="0.017"/>
  <testcase classname="oct17.DEMO" name="f3" time="0.002"/>
</testsuite> <!-- oct17.DEMO -->
