<?xml version="1.0" encoding="UTF-8"?>
<!-- Generated by org.testng.reporters.JUnitReportReporter -->
<testsuite hostname="LIN-5CD5329NXX" failures="0" tests="3" name="Com.Gmail.Runner.TestRunner2" time="24.935" errors="0" timestamp="2025-10-29T16:04:22 IST" skipped="0">
  <testcase classname="Com.Gmail.Runner.TestRunner2" name="runScenario" time="7.248"/>
  <testcase classname="Com.Gmail.Runner.TestRunner2" name="runScenario" time="10.412"/>
  <testcase classname="Com.Gmail.Runner.TestRunner2" name="runScenario" time="7.275"/>
</testsuite> <!-- Com.Gmail.Runner.TestRunner2 -->
