<?xml version="1.0" encoding="UTF-8"?>
<!-- Generated by org.testng.reporters.JUnitReportReporter -->
<testsuite hostname="LIN-5CD5329NXX" failures="0" tests="1" name="oct14oct20.HeadLessExecution" time="4.658" errors="0" timestamp="2025-10-20T15:01:17 IST" skipped="0">
  <testcase classname="oct14oct20.HeadLessExecution" name="login" time="4.658"/>
</testsuite> <!-- oct14oct20.HeadLessExecution -->
