<?xml version="1.0" encoding="UTF-8"?>
<!-- Generated by org.testng.reporters.JUnitReportReporter -->
<testsuite hostname="LIN-5CD5329NXX" failures="0" tests="2" name="oct17.Annotation_login" time="2.032" errors="0" timestamp="2025-10-17T10:13:01 IST" skipped="0">
  <testcase classname="oct17.Annotation_login" name="logintc" time="1.951"/>
  <testcase classname="oct17.Annotation_login" name="verify" time="0.081"/>
</testsuite> <!-- oct17.Annotation_login -->
