<?xml version="1.0" encoding="UTF-8"?>
<!-- Generated by org.testng.reporters.JUnitReportReporter -->
<testsuite hostname="LIN-5CD5329NXX" failures="0" tests="3" name="oct17.paralleldemo" time="0.019" errors="0" timestamp="2025-10-17T10:43:20 IST" skipped="0">
  <testcase classname="oct17.paralleldemo" name="f" time="0.003"/>
  <testcase classname="oct17.paralleldemo" name="d" time="0.002"/>
  <testcase classname="oct17.paralleldemo" name="c" time="0.014"/>
</testsuite> <!-- oct17.paralleldemo -->
