<?xml version="1.0" encoding="UTF-8"?>
<!-- Generated by org.testng.reporters.JUnitReportReporter -->
<testsuite hostname="LIN-5CD5329NXX" failures="0" tests="4" name="oct17.grouping" time="0.018" errors="0" timestamp="2025-10-17T10:34:29 IST" skipped="0">
  <testcase classname="oct17.grouping" name="d" time="0.002"/>
  <testcase classname="oct17.grouping" name="e" time="0.002"/>
  <testcase classname="oct17.grouping" name="f" time="0.002"/>
  <testcase classname="oct17.grouping" name="c" time="0.012"/>
</testsuite> <!-- oct17.grouping -->
