<?xml version="1.0" encoding="UTF-8"?>
<!-- Generated by org.testng.reporters.JUnitReportReporter -->
<testsuite hostname="LIN-5CD5329NXX" failures="0" tests="3" name="Com.Gmail.Runner.TestRunner2" time="22.710" errors="0" timestamp="2025-10-29T17:06:24 IST" skipped="0">
  <testcase classname="Com.Gmail.Runner.TestRunner2" name="runScenario" time="8.786"/>
  <testcase classname="Com.Gmail.Runner.TestRunner2" name="runScenario" time="6.778"/>
  <testcase classname="Com.Gmail.Runner.TestRunner2" name="runScenario" time="7.146"/>
</testsuite> <!-- Com.Gmail.Runner.TestRunner2 -->
